<?xml version="1.0" encoding="UTF-8"?>
<!-- Generated by org.testng.reporters.JUnitXMLReporter -->
<testsuite ignored="0" hostname="LAPTOP-8OJE46NP" failures="0" tests="3" name="Default test" time="0.072" errors="0" timestamp="2026-05-20T09:27:12 IST">
  <testcase classname="Test.Selenium_automation.Priority" name="Third" time="0.008"/>
  <testcase classname="Test.Selenium_automation.Priority" name="tom" time="0.002"/>
  <testcase classname="Test.Selenium_automation.Priority" name="zebra" time="0.002"/>
</testsuite> <!-- Default test -->
