<?xml version="1.0" encoding="UTF-8"?>
<testng-results ignored="0" total="1" passed="1" failed="0" skipped="0">
  <reporter-output>
  </reporter-output>
  <suite started-at="2026-05-16T23:44:39 IST" name="Default suite" finished-at="2026-05-16T23:44:39 IST" duration-ms="49">
    <groups>
    </groups>
    <test started-at="2026-05-16T23:44:39 IST" name="Default test" finished-at="2026-05-16T23:44:39 IST" duration-ms="49">
      <class name="Test.Selenium_automation.Ex">
        <test-method signature="extest()[pri:0, instance:Test.Selenium_automation.Ex@368f2016]" started-at="2026-05-16T23:44:39 IST" name="extest" finished-at="2026-05-16T23:44:39 IST" duration-ms="8" status="PASS">
          <reporter-output>
          </reporter-output>
        </test-method> <!-- extest -->
      </class> <!-- Test.Selenium_automation.Ex -->
    </test> <!-- Default test -->
  </suite> <!-- Default suite -->
</testng-results>
