<?xml version="1.0" encoding="UTF-8"?>
<!-- Generated by org.testng.reporters.JUnitReportReporter -->
<testsuite hostname="LAPTOP-8OJE46NP" failures="0" tests="3" name="Test.Selenium_automation.Priority" time="0.012" errors="0" timestamp="2026-05-20T09:27:12 IST" skipped="0">
  <testcase classname="Test.Selenium_automation.Priority" name="zebra" time="0.002"/>
  <testcase classname="Test.Selenium_automation.Priority" name="tom" time="0.002"/>
  <testcase classname="Test.Selenium_automation.Priority" name="Third" time="0.008"/>
</testsuite> <!-- Test.Selenium_automation.Priority -->
